<?xml version="1.0" encoding="UTF-8"?>
<testng-results ignored="0" total="1" passed="1" failed="0" skipped="0">
  <reporter-output>
  </reporter-output>
  <suite started-at="2024-02-27T14:12:07 IST" name="Default suite" finished-at="2024-02-27T14:12:14 IST" duration-ms="7507">
    <groups>
    </groups>
    <test started-at="2024-02-27T14:12:07 IST" name="Default test" finished-at="2024-02-27T14:12:14 IST" duration-ms="7507">
      <class name="AxisDatadriven.writeToExcel">
        <test-method signature="fblogin()[pri:0, instance:AxisDatadriven.writeToExcel@49049a04]" started-at="2024-02-27T14:12:07 IST" name="fblogin" finished-at="2024-02-27T14:12:14 IST" duration-ms="7470" status="PASS">
          <reporter-output>
          </reporter-output>
        </test-method> <!-- fblogin -->
      </class> <!-- AxisDatadriven.writeToExcel -->
    </test> <!-- Default test -->
  </suite> <!-- Default suite -->
</testng-results>
