<?xml version="1.0" encoding="UTF-8"?>
<testng-results ignored="0" total="1" passed="1" failed="0" skipped="0">
  <reporter-output>
  </reporter-output>
  <suite started-at="2024-02-28T12:00:17 IST" name="Default suite" finished-at="2024-02-28T12:00:24 IST" duration-ms="6753">
    <groups>
    </groups>
    <test started-at="2024-02-28T12:00:17 IST" name="Default test" finished-at="2024-02-28T12:00:24 IST" duration-ms="6753">
      <class name="AxisDatadriven.ReadExcel">
        <test-method signature="fblogin()[pri:0, instance:AxisDatadriven.ReadExcel@49049a04]" started-at="2024-02-28T12:00:17 IST" name="fblogin" finished-at="2024-02-28T12:00:24 IST" duration-ms="6701" status="PASS">
          <reporter-output>
          </reporter-output>
        </test-method> <!-- fblogin -->
      </class> <!-- AxisDatadriven.ReadExcel -->
    </test> <!-- Default test -->
  </suite> <!-- Default suite -->
</testng-results>
